<?xml version="1.0" encoding="UTF-8"?>
<testng-results ignored="0" total="2" passed="2" failed="0" skipped="0">
  <reporter-output>
  </reporter-output>
  <suite started-at="2022-06-25T10:51:33 CDT" name="Default suite" finished-at="2022-06-25T10:51:43 CDT" duration-ms="10263">
    <groups>
    </groups>
    <test started-at="2022-06-25T10:51:33 CDT" name="Default test" finished-at="2022-06-25T10:51:43 CDT" duration-ms="10263">
      <class name="variousConcepts.TestNG">
        <test-method is-config="true" signature="readConfig()[pri:0, instance:variousConcepts.TestNG@7ea9e1e2]" started-at="2022-06-25T10:51:33 CDT" name="readConfig" finished-at="2022-06-25T10:51:33 CDT" duration-ms="6" status="PASS">
          <reporter-output>
          </reporter-output>
        </test-method> <!-- readConfig -->
        <test-method is-config="true" signature="init()[pri:0, instance:variousConcepts.TestNG@7ea9e1e2]" started-at="2022-06-25T10:51:33 CDT" name="init" finished-at="2022-06-25T10:51:34 CDT" duration-ms="1633" status="PASS">
          <reporter-output>
          </reporter-output>
        </test-method> <!-- init -->
        <test-method signature="loginTest()[pri:1, instance:variousConcepts.TestNG@7ea9e1e2]" started-at="2022-06-25T10:51:34 CDT" name="loginTest" finished-at="2022-06-25T10:51:35 CDT" duration-ms="720" status="PASS">
          <reporter-output>
          </reporter-output>
        </test-method> <!-- loginTest -->
        <test-method is-config="true" signature="tearDown()[pri:0, instance:variousConcepts.TestNG@7ea9e1e2]" started-at="2022-06-25T10:51:35 CDT" name="tearDown" finished-at="2022-06-25T10:51:35 CDT" duration-ms="133" status="PASS">
          <reporter-output>
          </reporter-output>
        </test-method> <!-- tearDown -->
        <test-method is-config="true" signature="init()[pri:0, instance:variousConcepts.TestNG@7ea9e1e2]" started-at="2022-06-25T10:51:35 CDT" name="init" finished-at="2022-06-25T10:51:36 CDT" duration-ms="1158" status="PASS">
          <reporter-output>
          </reporter-output>
        </test-method> <!-- init -->
        <test-method signature="addCustomer()[pri:2, instance:variousConcepts.TestNG@7ea9e1e2]" started-at="2022-06-25T10:51:36 CDT" name="addCustomer" finished-at="2022-06-25T10:51:43 CDT" duration-ms="6456" status="PASS">
          <reporter-output>
          </reporter-output>
        </test-method> <!-- addCustomer -->
        <test-method is-config="true" signature="tearDown()[pri:0, instance:variousConcepts.TestNG@7ea9e1e2]" started-at="2022-06-25T10:51:43 CDT" name="tearDown" finished-at="2022-06-25T10:51:43 CDT" duration-ms="129" status="PASS">
          <reporter-output>
          </reporter-output>
        </test-method> <!-- tearDown -->
      </class> <!-- variousConcepts.TestNG -->
    </test> <!-- Default test -->
  </suite> <!-- Default suite -->
</testng-results>
